<?xml version="1.0" encoding="UTF-8"?>
<testng-results ignored="0" total="1" passed="1" failed="0" skipped="0">
  <reporter-output>
  </reporter-output>
  <suite started-at="2024-10-26T09:59:54 IST" name="Default suite" finished-at="2024-10-26T10:00:02 IST" duration-ms="7246">
    <groups>
    </groups>
    <test started-at="2024-10-26T09:59:54 IST" name="Default test" finished-at="2024-10-26T10:00:02 IST" duration-ms="7246">
      <class name="org.TestNgfile.AdactinTestNgFile">
        <test-method is-config="true" signature="setupTest()[pri:0, instance:org.TestNgfile.AdactinTestNgFile@7530ad9c]" started-at="2024-10-26T09:59:54 IST" name="setupTest" finished-at="2024-10-26T09:59:58 IST" duration-ms="3932" status="PASS">
          <reporter-output>
          </reporter-output>
        </test-method> <!-- setupTest -->
        <test-method signature="loginTest()[pri:0, instance:org.TestNgfile.AdactinTestNgFile@7530ad9c]" started-at="2024-10-26T09:59:58 IST" name="loginTest" finished-at="2024-10-26T10:00:01 IST" duration-ms="2965" status="PASS">
          <reporter-output>
          </reporter-output>
        </test-method> <!-- loginTest -->
        <test-method is-config="true" signature="TeardownTest()[pri:0, instance:org.TestNgfile.AdactinTestNgFile@7530ad9c]" started-at="2024-10-26T10:00:01 IST" name="TeardownTest" finished-at="2024-10-26T10:00:02 IST" duration-ms="272" status="PASS">
          <reporter-output>
          </reporter-output>
        </test-method> <!-- TeardownTest -->
      </class> <!-- org.TestNgfile.AdactinTestNgFile -->
    </test> <!-- Default test -->
  </suite> <!-- Default suite -->
</testng-results>
